\BOOKMARK [0][-]{chapter*.6}{\376\377\000R\000e\000s\000u\000m\000e\000n}{}% 1
\BOOKMARK [0][-]{chapter*.8}{\376\377\000I\000n\000t\000r\000o\000d\000u\000c\000c\000i\000\363\000n}{}% 2
\BOOKMARK [0][-]{chapter.1}{\376\377\000P\000l\000a\000n\000t\000e\000a\000m\000i\000e\000n\000t\000o\000\040\000d\000e\000l\000\040\000P\000r\000o\000b\000l\000e\000m\000a}{}% 3
\BOOKMARK [1][-]{section.1.1}{\376\377\000D\000e\000s\000c\000r\000i\000p\000c\000i\000\363\000n\000\040\000d\000e\000\040\000l\000a\000\040\000R\000e\000a\000l\000i\000d\000a\000d\000\040\000P\000r\000o\000b\000l\000e\000m\000\341\000t\000i\000c\000a}{chapter.1}% 4
\BOOKMARK [1][-]{section.1.2}{\376\377\000F\000o\000r\000m\000u\000l\000a\000c\000i\000\363\000n\000\040\000d\000e\000l\000\040\000P\000r\000o\000b\000l\000e\000m\000a}{chapter.1}% 5
\BOOKMARK [2][-]{subsection.1.2.1}{\376\377\000P\000r\000o\000b\000l\000e\000m\000a\000\040\000G\000e\000n\000e\000r\000a\000l}{section.1.2}% 6
\BOOKMARK [2][-]{subsection.1.2.2}{\376\377\000P\000r\000o\000b\000l\000e\000m\000a\000s\000\040\000E\000s\000p\000e\000c\000\355\000f\000i\000c\000o\000s}{section.1.2}% 7
\BOOKMARK [1][-]{section.1.3}{\376\377\000O\000b\000j\000e\000t\000i\000v\000o\000s\000\040\000d\000e\000\040\000l\000a\000\040\000I\000n\000v\000e\000s\000t\000i\000g\000a\000c\000i\000\363\000n}{chapter.1}% 8
\BOOKMARK [2][-]{subsection.1.3.1}{\376\377\000O\000b\000j\000e\000t\000i\000v\000o\000\040\000G\000e\000n\000e\000r\000a\000l}{section.1.3}% 9
\BOOKMARK [2][-]{subsection.1.3.2}{\376\377\000O\000b\000j\000e\000t\000i\000v\000o\000s\000\040\000E\000s\000p\000e\000c\000\355\000f\000i\000c\000o\000s}{section.1.3}% 10
\BOOKMARK [1][-]{section.1.4}{\376\377\000J\000u\000s\000t\000i\000f\000i\000c\000a\000c\000i\000\363\000n\000\040\000d\000e\000\040\000l\000a\000\040\000I\000n\000v\000e\000s\000t\000i\000g\000a\000c\000i\000\363\000n}{chapter.1}% 11
\BOOKMARK [2][-]{subsection.1.4.1}{\376\377\000T\000e\000\363\000r\000i\000c\000a}{section.1.4}% 12
\BOOKMARK [2][-]{subsection.1.4.2}{\376\377\000P\000r\000\341\000c\000t\000i\000c\000a}{section.1.4}% 13
\BOOKMARK [2][-]{subsection.1.4.3}{\376\377\000M\000e\000t\000o\000d\000o\000l\000\363\000g\000i\000c\000a}{section.1.4}% 14
\BOOKMARK [1][-]{section.1.5}{\376\377\000D\000e\000l\000i\000m\000i\000t\000a\000c\000i\000\363\000n\000\040\000d\000e\000l\000\040\000E\000s\000t\000u\000d\000i\000o}{chapter.1}% 15
\BOOKMARK [2][-]{subsection.1.5.1}{\376\377\000E\000s\000p\000a\000c\000i\000a\000l}{section.1.5}% 16
\BOOKMARK [2][-]{subsection.1.5.2}{\376\377\000T\000e\000m\000p\000o\000r\000a\000l}{section.1.5}% 17
\BOOKMARK [2][-]{subsection.1.5.3}{\376\377\000C\000o\000n\000c\000e\000p\000t\000u\000a\000l}{section.1.5}% 18
\BOOKMARK [0][-]{chapter.2}{\376\377\000M\000a\000r\000c\000o\000\040\000T\000e\000\363\000r\000i\000c\000o}{}% 19
\BOOKMARK [1][-]{section.2.1}{\376\377\000A\000n\000t\000e\000c\000e\000d\000e\000n\000t\000e\000s\000\040\000d\000e\000\040\000l\000a\000\040\000i\000n\000v\000e\000s\000t\000i\000g\000a\000c\000i\000\363\000n}{chapter.2}% 20
\BOOKMARK [1][-]{section.2.2}{\376\377\000B\000a\000s\000e\000s\000\040\000T\000e\000\363\000r\000i\000c\000a\000s}{chapter.2}% 21
\BOOKMARK [2][-]{subsection.2.2.1}{\376\377\000D\000e\000e\000p\000\040\000L\000e\000a\000r\000n\000i\000n\000g}{section.2.2}% 22
\BOOKMARK [2][-]{subsection.2.2.2}{\376\377\000N\000\363\000d\000u\000l\000o\000s\000\040\000T\000i\000r\000o\000i\000d\000e\000o\000s}{section.2.2}% 23
\BOOKMARK [1][-]{section.2.3}{\376\377\000M\000a\000r\000c\000o\000\040\000C\000o\000n\000c\000e\000p\000t\000u\000a\000l}{chapter.2}% 24
\BOOKMARK [2][-]{subsection.2.3.1}{\376\377\000I\000n\000t\000e\000l\000i\000g\000e\000n\000c\000i\000a\000\040\000A\000r\000t\000f\000i\000c\000i\000a\000l}{section.2.3}% 25
\BOOKMARK [2][-]{subsection.2.3.2}{\376\377\000P\000e\000r\000c\000e\000p\000t\000r\000\363\000n}{section.2.3}% 26
\BOOKMARK [2][-]{subsection.2.3.3}{\376\377\000P\000e\000r\000c\000e\000p\000t\000r\000\363\000n\000\040\000M\000u\000l\000t\000i\000c\000a\000p\000a}{section.2.3}% 27
\BOOKMARK [2][-]{subsection.2.3.4}{\376\377\000M\000a\000c\000h\000i\000n\000e\000\040\000L\000e\000a\000r\000n\000i\000n\000g}{section.2.3}% 28
\BOOKMARK [2][-]{subsection.2.3.5}{\376\377\000E\000c\000o\000g\000r\000a\000f\000\355\000a\000\040\000y\000\040\000l\000a\000s\000\040\000i\000m\000\341\000g\000e\000n\000e\000s\000\040\000d\000e\000\040\000u\000l\000t\000r\000a\000s\000o\000n\000i\000d\000o}{section.2.3}% 29
\BOOKMARK [1][-]{section.2.4}{\376\377\000H\000i\000p\000\363\000t\000e\000s\000i\000s}{chapter.2}% 30
\BOOKMARK [2][-]{subsection.2.4.1}{\376\377\000H\000i\000p\000\363\000t\000e\000s\000i\000s\000\040\000G\000e\000n\000e\000r\000a\000l}{section.2.4}% 31
\BOOKMARK [2][-]{subsection.2.4.2}{\376\377\000H\000i\000p\000\363\000t\000e\000s\000i\000s\000\040\000E\000s\000p\000e\000c\000\355\000f\000i\000c\000a\000s}{section.2.4}% 32
\BOOKMARK [0][-]{chapter.3}{\376\377\000M\000e\000t\000o\000d\000o\000l\000o\000g\000\355\000a\000\040\000d\000e\000\040\000l\000a\000\040\000I\000n\000v\000e\000s\000t\000i\000g\000a\000c\000i\000\363\000n}{}% 33
\BOOKMARK [1][-]{section.3.1}{\376\377\000D\000i\000s\000e\000\361\000o\000\040\000d\000e\000\040\000l\000a\000\040\000i\000n\000v\000e\000s\000t\000i\000g\000a\000c\000i\000\363\000n}{chapter.3}% 34
\BOOKMARK [2][-]{subsection.3.1.1}{\376\377\000T\000i\000p\000o\000\040\000d\000e\000\040\000l\000a\000\040\000i\000n\000v\000e\000s\000t\000i\000g\000a\000c\000i\000\363\000n}{section.3.1}% 35
\BOOKMARK [2][-]{subsection.3.1.2}{\376\377\000E\000n\000f\000o\000q\000u\000e\000\040\000d\000e\000\040\000l\000a\000\040\000i\000n\000v\000e\000s\000t\000i\000g\000a\000c\000i\000\363\000n}{section.3.1}% 36
\BOOKMARK [2][-]{subsection.3.1.3}{\376\377\000P\000o\000b\000l\000a\000c\000i\000\363\000n}{section.3.1}% 37
\BOOKMARK [2][-]{subsection.3.1.4}{\376\377\000M\000u\000e\000s\000t\000r\000a}{section.3.1}% 38
\BOOKMARK [1][-]{section.3.2}{\376\377\000M\000e\000t\000o\000d\000o\000l\000o\000g\000\355\000a\000\040\000d\000e\000\040\000I\000m\000p\000l\000e\000m\000e\000n\000t\000a\000c\000i\000\363\000n\000\040\000d\000e\000\040\000l\000a\000\040\000S\000o\000l\000u\000c\000i\000\363\000n}{chapter.3}% 39
\BOOKMARK [1][-]{section.3.3}{\376\377\000M\000e\000t\000o\000d\000o\000l\000o\000g\000\355\000a\000\040\000p\000a\000r\000a\000\040\000l\000a\000\040\000M\000e\000d\000i\000c\000i\000\363\000n\000\040\000d\000e\000\040\000R\000e\000s\000u\000l\000t\000a\000d\000o\000s\000\040\000d\000e\000\040\000l\000a\000\040\000I\000m\000p\000l\000e\000m\000e\000n\000t\000a\000c\000i\000\363\000n}{chapter.3}% 40
\BOOKMARK [1][-]{section.3.4}{\376\377\000C\000r\000o\000n\000o\000g\000r\000a\000m\000a\000\040\000d\000e\000\040\000a\000c\000t\000i\000v\000i\000d\000a\000d\000e\000s\000\040\000y\000\040\000p\000r\000e\000s\000u\000p\000u\000e\000s\000t\000o}{chapter.3}% 41
\BOOKMARK [0][-]{chapter.4}{\376\377\000D\000e\000s\000a\000r\000r\000o\000l\000l\000o\000\040\000d\000e\000l\000\040\000E\000x\000p\000e\000r\000i\000m\000e\000n\000t\000o}{}% 42
\BOOKMARK [1][-]{section.4.1}{\376\377\000C\000o\000m\000p\000r\000e\000n\000s\000i\000\363\000n\000\040\000d\000e\000l\000\040\000n\000e\000g\000o\000c\000i\000o}{chapter.4}% 43
\BOOKMARK [1][-]{section.4.2}{\376\377\000C\000o\000m\000p\000r\000e\000n\000s\000i\000\363\000n\000\040\000d\000e\000\040\000l\000o\000s\000\040\000d\000a\000t\000o\000s}{chapter.4}% 44
\BOOKMARK [1][-]{section.4.3}{\376\377\000P\000r\000e\000p\000a\000r\000a\000c\000i\000\363\000n\000\040\000d\000e\000\040\000l\000o\000s\000\040\000d\000a\000t\000o\000s}{chapter.4}% 45
\BOOKMARK [0][-]{chapter.5}{\376\377\000A\000n\000\341\000l\000i\000s\000i\000s\000\040\000y\000\040\000D\000i\000s\000c\000u\000s\000i\000\363\000n\000\040\000d\000e\000\040\000R\000e\000s\000u\000l\000t\000a\000d\000o\000s}{}% 46
\BOOKMARK [1][-]{section.5.1}{\376\377\000M\000o\000d\000e\000l\000a\000m\000i\000e\000n\000t\000o}{chapter.5}% 47
\BOOKMARK [1][-]{section.5.2}{\376\377\000E\000v\000a\000l\000u\000a\000c\000i\000\363\000n}{chapter.5}% 48
\BOOKMARK [1][-]{section.5.3}{\376\377\000D\000e\000s\000p\000l\000i\000e\000g\000u\000e}{chapter.5}% 49
\BOOKMARK [0][-]{chapter.6}{\376\377\000C\000o\000n\000c\000l\000u\000s\000i\000o\000n\000e\000s\000\040\000y\000\040\000R\000e\000c\000o\000m\000e\000n\000d\000a\000c\000i\000o\000n\000e\000s}{}% 50
\BOOKMARK [1][-]{section.6.1}{\376\377\000C\000o\000n\000c\000l\000u\000s\000i\000o\000n\000e\000s}{chapter.6}% 51
\BOOKMARK [1][-]{section.6.2}{\376\377\000R\000e\000c\000o\000m\000e\000n\000d\000a\000c\000i\000o\000n\000e\000s}{chapter.6}% 52
\BOOKMARK [0][-]{chapter*.116}{\376\377\000R\000e\000f\000e\000r\000e\000n\000c\000i\000a\000s}{}% 53
\BOOKMARK [0][-]{section*.117}{\376\377\000A\000n\000e\000x\000o\000s}{}% 54
\BOOKMARK [1][-]{section.Alph0.1}{\376\377\000\301\000r\000b\000o\000l\000\040\000d\000e\000\040\000P\000r\000o\000b\000l\000e\000m\000a\000s}{section*.117}% 55
\BOOKMARK [1][-]{section.Alph0.2}{\376\377\000\301\000r\000b\000o\000l\000\040\000d\000e\000\040\000O\000b\000j\000e\000t\000i\000v\000o\000s}{section*.117}% 56
\BOOKMARK [1][-]{section.Alph0.3}{\376\377\000M\000a\000t\000r\000i\000z\000\040\000d\000e\000\040\000C\000o\000n\000s\000i\000s\000t\000e\000n\000c\000i\000a}{section*.117}% 57
\BOOKMARK [1][-]{section.Alph0.4}{\376\377\000C\000o\000m\000p\000a\000r\000a\000c\000i\000\363\000n\000\040\000d\000e\000\040\000m\000e\000t\000o\000d\000o\000l\000o\000g\000\355\000a\000s\000\040\000d\000e\000\040\000a\000n\000t\000e\000c\000e\000d\000e\000n\000t\000e\000s}{section*.117}% 58
\BOOKMARK [1][-]{section.Alph0.5}{\376\377\000C\000o\000m\000p\000a\000r\000a\000c\000i\000\363\000n\000\040\000d\000e\000\040\000o\000b\000j\000e\000t\000i\000v\000o\000s\000\040\000e\000s\000p\000e\000c\000\355\000f\000i\000c\000o\000s\000\040\000d\000e\000\040\000a\000n\000t\000e\000c\000e\000d\000e\000n\000t\000e\000s}{section*.117}% 59
\BOOKMARK [1][-]{section.Alph0.6}{\376\377\000P\000a\000r\000\341\000m\000e\000t\000r\000o\000s\000\040\000p\000a\000r\000a\000\040\000m\000o\000d\000e\000l\000o\000\040\000p\000r\000e\000d\000i\000c\000t\000i\000v\000o\000\040\000d\000e\000\040\000M\000e\000t\000a\000i\000n\000f\000o\000r\000m\000a\000c\000i\000\363\000n}{section*.117}% 60
\BOOKMARK [1][-]{section.Alph0.7}{\376\377\000P\000a\000r\000\341\000m\000e\000t\000r\000o\000s\000\040\000p\000a\000r\000a\000\040\000m\000o\000d\000e\000l\000o\000\040\000p\000r\000e\000d\000i\000c\000t\000i\000v\000o\000\040\000d\000e\000\040\000D\000e\000s\000c\000r\000i\000p\000c\000i\000\363\000n}{section*.117}% 61
\BOOKMARK [1][-]{section.Alph0.8}{\376\377\000P\000a\000r\000\341\000m\000e\000t\000r\000o\000s\000\040\000p\000a\000r\000a\000\040\000m\000o\000d\000e\000l\000o\000\040\000p\000r\000e\000d\000i\000c\000t\000i\000v\000o\000\040\000d\000e\000\040\000C\000o\000m\000e\000n\000t\000a\000r\000i\000o\000s}{section*.117}% 62
\BOOKMARK [1][-]{section.Alph0.9}{\376\377\000P\000a\000r\000\341\000m\000e\000t\000r\000o\000s\000\040\000p\000a\000r\000a\000\040\000m\000o\000d\000e\000l\000o\000\040\000d\000e\000\040\000A\000p\000r\000e\000n\000d\000i\000z\000a\000j\000e\000\040\000P\000r\000o\000f\000u\000n\000d\000o\000\040\000M\000u\000l\000t\000i\000m\000o\000d\000a\000l}{section*.117}% 63
